[2025-08-22 21:50:04] ERROR: Erro ao inicializar serviço de notificações push: Vapid public key should be 65 bytes long when decoded. {
  "stack": "Error: Vapid public key should be 65 bytes long when decoded.\n    at Object.validatePublicKey (D:\\Desktop\\librarium\\backend\\node_modules\\web-push\\src\\vapid-helper.js:111:11)\n    at WebPushLib.setVapidDetails (D:\\Desktop\\librarium\\backend\\node_modules\\web-push\\src\\web-push-lib.js:60:17)\n    at new PushNotificationService (D:\\Desktop\\librarium\\backend\\services\\pushNotificationService.js:24:15)\n    at Object.<anonymous> (D:\\Desktop\\librarium\\backend\\routes\\notificationRoutes.js:12:21)\n    at Module._compile (node:internal/modules/cjs/loader:1546:14)\n    at Object..js (node:internal/modules/cjs/loader:1698:10)\n    at Module.load (node:internal/modules/cjs/loader:1303:32)\n    at Function._load (node:internal/modules/cjs/loader:1117:12)\n    at TracingChannel.traceSync (node:diagnostics_channel:322:14)\n    at wrapModuleLoad (node:internal/modules/cjs/loader:218:24)"
}
[2025-08-22 21:50:43] ERROR: Erro ao inicializar serviço de notificações push:
[2025-08-22 21:50:57] ERROR: Erro ao inicializar serviço de notificações push:
[2025-08-22 21:50:58] ERROR: Erro ao inicializar serviço de notificações push:
[2025-08-22 21:51:00] ERROR: Erro ao inicializar serviço de notificações push:
[2025-08-22 21:51:01] ERROR: Erro ao inicializar serviço de notificações push:
[2025-08-22 21:51:02] ERROR: Erro ao inicializar serviço de notificações push:
[2025-08-22 21:51:02] ERROR: Erro ao inicializar serviço de notificações push:
[2025-08-22 21:51:11] ERROR: Erro ao inicializar serviço de notificações push:
[2025-08-22 21:51:11] ERROR: Erro ao inicializar serviço de notificações push:
[2025-08-22 21:51:14] ERROR: Erro ao inicializar serviço de notificações push:
[2025-08-22 21:51:14] ERROR: Erro ao inicializar serviço de notificações push:
[2025-08-22 21:51:27] ERROR: Erro ao inicializar serviço de notificações push:
[2025-08-22 21:51:28] ERROR: Erro ao inicializar serviço de notificações push:
[2025-08-22 21:51:30] ERROR: Erro ao inicializar serviço de notificações push:
[2025-08-22 21:51:30] ERROR: Erro ao inicializar serviço de notificações push:
[2025-08-22 21:51:37] ERROR: Erro ao inicializar serviço de notificações push:
[2025-08-22 21:51:37] ERROR: Erro ao inicializar serviço de notificações push:
[2025-08-22 21:51:47] ERROR: Erro ao inicializar serviço de notificações push:
[2025-08-22 21:51:48] ERROR: Erro ao inicializar serviço de notificações push:
[2025-08-22 21:52:02] ERROR: Erro ao inicializar serviço de notificações push:
[2025-08-22 21:52:03] ERROR: Erro ao inicializar serviço de notificações push:
[2025-08-22 21:52:13] ERROR: Erro ao inicializar serviço de notificações push:
[2025-08-22 21:52:14] ERROR: Erro ao inicializar serviço de notificações push:
[2025-08-22 21:52:17] ERROR: Erro ao inicializar serviço de notificações push:
[2025-08-22 21:52:17] ERROR: Erro ao inicializar serviço de notificações push:
[2025-08-22 21:52:22] ERROR: Erro ao inicializar serviço de notificações push:
[2025-08-22 21:52:22] ERROR: Erro ao inicializar serviço de notificações push:
[2025-08-22 21:52:29] ERROR: Erro ao inicializar serviço de notificações push:
[2025-08-22 21:52:30] ERROR: Erro ao inicializar serviço de notificações push:
[2025-08-22 21:52:33] ERROR: Erro ao inicializar serviço de notificações push:
[2025-08-22 21:52:34] ERROR: Erro ao inicializar serviço de notificações push:
[2025-08-22 21:52:38] ERROR: Erro ao inicializar serviço de notificações push:
[2025-08-22 21:52:39] ERROR: Erro ao inicializar serviço de notificações push:
[2025-08-22 21:52:53] ERROR: Erro ao inicializar serviço de notificações push:
[2025-08-22 21:52:53] ERROR: Erro ao inicializar serviço de notificações push:
[2025-08-22 21:52:58] ERROR: Erro ao inicializar serviço de notificações push:
[2025-08-22 21:52:58] ERROR: Erro ao inicializar serviço de notificações push:
[2025-08-22 21:53:11] ERROR: Erro ao inicializar serviço de notificações push:
[2025-08-22 21:53:11] ERROR: Erro ao inicializar serviço de notificações push:
[2025-08-22 21:53:16] ERROR: Erro ao inicializar serviço de notificações push:
[2025-08-22 21:53:17] ERROR: Erro ao inicializar serviço de notificações push:
[2025-08-22 21:53:21] ERROR: Erro ao inicializar serviço de notificações push:
[2025-08-22 21:53:21] ERROR: Erro ao inicializar serviço de notificações push:
[2025-08-22 22:00:40] ERROR: Erro ao inicializar serviço de notificações push:
[2025-08-22 22:00:41] ERROR: Erro ao inicializar serviço de notificações push:
[2025-08-22 22:01:00] ERROR: Erro ao inicializar serviço de notificações push:
[2025-08-22 22:01:00] ERROR: Erro ao inicializar serviço de notificações push:
[2025-08-22 22:29:25] ERROR: ❌ Erro ao inicializar serviços: PushNotificationService is not defined {
  "stack": "ReferenceError: PushNotificationService is not defined\n    at inicializarServicos (D:\\Desktop\\librarium\\backend\\server.js:146:5)\n    at iniciarServidor (D:\\Desktop\\librarium\\backend\\server.js:235:11)\n    at process.processTicksAndRejections (node:internal/process/task_queues:105:5)"
}
[2025-08-22 22:31:24] ERROR: ❌ Erro ao inicializar serviços: PushNotificationService is not defined {
  "stack": "ReferenceError: PushNotificationService is not defined\n    at inicializarServicos (D:\\Desktop\\librarium\\backend\\server.js:146:5)\n    at iniciarServidor (D:\\Desktop\\librarium\\backend\\server.js:235:11)\n    at process.processTicksAndRejections (node:internal/process/task_queues:105:5)"
}
[2025-08-22 22:31:30] ERROR: ❌ Erro ao inicializar serviços: PushNotificationService is not defined {
  "stack": "ReferenceError: PushNotificationService is not defined\n    at inicializarServicos (D:\\Desktop\\librarium\\backend\\server.js:146:5)\n    at iniciarServidor (D:\\Desktop\\librarium\\backend\\server.js:235:11)\n    at process.processTicksAndRejections (node:internal/process/task_queues:105:5)"
}
