[2025-08-22 21:50:04] ERROR: Erro ao inicializar serviço de notificações push: Vapid public key should be 65 bytes long when decoded. {
  "stack": "Error: Vapid public key should be 65 bytes long when decoded.\n    at Object.validatePublicKey (D:\\Desktop\\librarium\\backend\\node_modules\\web-push\\src\\vapid-helper.js:111:11)\n    at WebPushLib.setVapidDetails (D:\\Desktop\\librarium\\backend\\node_modules\\web-push\\src\\web-push-lib.js:60:17)\n    at new PushNotificationService (D:\\Desktop\\librarium\\backend\\services\\pushNotificationService.js:24:15)\n    at Object.<anonymous> (D:\\Desktop\\librarium\\backend\\routes\\notificationRoutes.js:12:21)\n    at Module._compile (node:internal/modules/cjs/loader:1546:14)\n    at Object..js (node:internal/modules/cjs/loader:1698:10)\n    at Module.load (node:internal/modules/cjs/loader:1303:32)\n    at Function._load (node:internal/modules/cjs/loader:1117:12)\n    at TracingChannel.traceSync (node:diagnostics_channel:322:14)\n    at wrapModuleLoad (node:internal/modules/cjs/loader:218:24)"
}
[2025-08-22 21:50:43] INFO: Usando chaves VAPID fornecidas no ambiente
[2025-08-22 21:50:43] ERROR: Erro ao inicializar serviço de notificações push:
[2025-08-22 21:50:43] WARN: Notificações push serão desabilitadas - servidor continuará funcionando normalmente
[2025-08-22 21:50:53] INFO: 🔄 Recebido SIGINT, iniciando shutdown graceful...
[2025-08-22 21:50:57] INFO: Usando chaves VAPID fornecidas no ambiente
[2025-08-22 21:50:57] ERROR: Erro ao inicializar serviço de notificações push:
[2025-08-22 21:50:57] WARN: Notificações push serão desabilitadas - servidor continuará funcionando normalmente
[2025-08-22 21:50:58] INFO: Usando chaves VAPID fornecidas no ambiente
[2025-08-22 21:50:58] ERROR: Erro ao inicializar serviço de notificações push:
[2025-08-22 21:50:58] WARN: Notificações push serão desabilitadas - servidor continuará funcionando normalmente
[2025-08-22 21:50:58] INFO: ✅ Serviços de fundo inicializados
[2025-08-22 21:50:58] INFO: 🚀 Servidor Librarium rodando na porta 3000
[2025-08-22 21:50:58] INFO: 🌍 Ambiente: development
[2025-08-22 21:50:58] INFO: 🔗 URL: http://localhost:3000
[2025-08-22 21:50:58] INFO: 📚 API: http://localhost:3000/api
[2025-08-22 21:50:58] INFO: 🏥 Health: http://localhost:3000/api/saude
[2025-08-22 21:51:00] INFO: Usando chaves VAPID fornecidas no ambiente
[2025-08-22 21:51:00] ERROR: Erro ao inicializar serviço de notificações push:
[2025-08-22 21:51:00] WARN: Notificações push serão desabilitadas - servidor continuará funcionando normalmente
[2025-08-22 21:51:01] INFO: Usando chaves VAPID fornecidas no ambiente
[2025-08-22 21:51:01] ERROR: Erro ao inicializar serviço de notificações push:
[2025-08-22 21:51:01] WARN: Notificações push serão desabilitadas - servidor continuará funcionando normalmente
[2025-08-22 21:51:01] INFO: ✅ Serviços de fundo inicializados
[2025-08-22 21:51:01] INFO: 🚀 Servidor Librarium rodando na porta 3000
[2025-08-22 21:51:01] INFO: 🌍 Ambiente: development
[2025-08-22 21:51:01] INFO: 🔗 URL: http://localhost:3000
[2025-08-22 21:51:01] INFO: 📚 API: http://localhost:3000/api
[2025-08-22 21:51:01] INFO: 🏥 Health: http://localhost:3000/api/saude
[2025-08-22 21:51:02] INFO: Usando chaves VAPID fornecidas no ambiente
[2025-08-22 21:51:02] ERROR: Erro ao inicializar serviço de notificações push:
[2025-08-22 21:51:02] WARN: Notificações push serão desabilitadas - servidor continuará funcionando normalmente
[2025-08-22 21:51:02] INFO: Usando chaves VAPID fornecidas no ambiente
[2025-08-22 21:51:02] ERROR: Erro ao inicializar serviço de notificações push:
[2025-08-22 21:51:02] WARN: Notificações push serão desabilitadas - servidor continuará funcionando normalmente
[2025-08-22 21:51:03] INFO: ✅ Serviços de fundo inicializados
[2025-08-22 21:51:03] INFO: 🚀 Servidor Librarium rodando na porta 3000
[2025-08-22 21:51:03] INFO: 🌍 Ambiente: development
[2025-08-22 21:51:03] INFO: 🔗 URL: http://localhost:3000
[2025-08-22 21:51:03] INFO: 📚 API: http://localhost:3000/api
[2025-08-22 21:51:03] INFO: 🏥 Health: http://localhost:3000/api/saude
[2025-08-22 21:51:11] INFO: Usando chaves VAPID fornecidas no ambiente
[2025-08-22 21:51:11] ERROR: Erro ao inicializar serviço de notificações push:
[2025-08-22 21:51:11] WARN: Notificações push serão desabilitadas - servidor continuará funcionando normalmente
[2025-08-22 21:51:11] INFO: Usando chaves VAPID fornecidas no ambiente
[2025-08-22 21:51:11] ERROR: Erro ao inicializar serviço de notificações push:
[2025-08-22 21:51:11] WARN: Notificações push serão desabilitadas - servidor continuará funcionando normalmente
[2025-08-22 21:51:11] INFO: ✅ Serviços de fundo inicializados
[2025-08-22 21:51:11] INFO: 🚀 Servidor Librarium rodando na porta 3000
[2025-08-22 21:51:11] INFO: 🌍 Ambiente: development
[2025-08-22 21:51:11] INFO: 🔗 URL: http://localhost:3000
[2025-08-22 21:51:11] INFO: 📚 API: http://localhost:3000/api
[2025-08-22 21:51:11] INFO: 🏥 Health: http://localhost:3000/api/saude
[2025-08-22 21:51:14] INFO: Usando chaves VAPID fornecidas no ambiente
[2025-08-22 21:51:14] ERROR: Erro ao inicializar serviço de notificações push:
[2025-08-22 21:51:14] WARN: Notificações push serão desabilitadas - servidor continuará funcionando normalmente
[2025-08-22 21:51:14] INFO: Usando chaves VAPID fornecidas no ambiente
[2025-08-22 21:51:14] ERROR: Erro ao inicializar serviço de notificações push:
[2025-08-22 21:51:14] WARN: Notificações push serão desabilitadas - servidor continuará funcionando normalmente
[2025-08-22 21:51:14] INFO: ✅ Serviços de fundo inicializados
[2025-08-22 21:51:14] INFO: 🚀 Servidor Librarium rodando na porta 3000
[2025-08-22 21:51:14] INFO: 🌍 Ambiente: development
[2025-08-22 21:51:14] INFO: 🔗 URL: http://localhost:3000
[2025-08-22 21:51:14] INFO: 📚 API: http://localhost:3000/api
[2025-08-22 21:51:14] INFO: 🏥 Health: http://localhost:3000/api/saude
[2025-08-22 21:51:27] INFO: Usando chaves VAPID fornecidas no ambiente
[2025-08-22 21:51:27] ERROR: Erro ao inicializar serviço de notificações push:
[2025-08-22 21:51:27] WARN: Notificações push serão desabilitadas - servidor continuará funcionando normalmente
[2025-08-22 21:51:28] INFO: Usando chaves VAPID fornecidas no ambiente
[2025-08-22 21:51:28] ERROR: Erro ao inicializar serviço de notificações push:
[2025-08-22 21:51:28] WARN: Notificações push serão desabilitadas - servidor continuará funcionando normalmente
[2025-08-22 21:51:28] INFO: ✅ Serviços de fundo inicializados
[2025-08-22 21:51:28] INFO: 🚀 Servidor Librarium rodando na porta 3000
[2025-08-22 21:51:28] INFO: 🌍 Ambiente: development
[2025-08-22 21:51:28] INFO: 🔗 URL: http://localhost:3000
[2025-08-22 21:51:28] INFO: 📚 API: http://localhost:3000/api
[2025-08-22 21:51:28] INFO: 🏥 Health: http://localhost:3000/api/saude
[2025-08-22 21:51:30] INFO: Usando chaves VAPID fornecidas no ambiente
[2025-08-22 21:51:30] ERROR: Erro ao inicializar serviço de notificações push:
[2025-08-22 21:51:30] WARN: Notificações push serão desabilitadas - servidor continuará funcionando normalmente
[2025-08-22 21:51:30] INFO: Usando chaves VAPID fornecidas no ambiente
[2025-08-22 21:51:30] ERROR: Erro ao inicializar serviço de notificações push:
[2025-08-22 21:51:30] WARN: Notificações push serão desabilitadas - servidor continuará funcionando normalmente
[2025-08-22 21:51:31] INFO: ✅ Serviços de fundo inicializados
[2025-08-22 21:51:31] INFO: 🚀 Servidor Librarium rodando na porta 3000
[2025-08-22 21:51:31] INFO: 🌍 Ambiente: development
[2025-08-22 21:51:31] INFO: 🔗 URL: http://localhost:3000
[2025-08-22 21:51:31] INFO: 📚 API: http://localhost:3000/api
[2025-08-22 21:51:31] INFO: 🏥 Health: http://localhost:3000/api/saude
[2025-08-22 21:51:37] INFO: Usando chaves VAPID fornecidas no ambiente
[2025-08-22 21:51:37] ERROR: Erro ao inicializar serviço de notificações push:
[2025-08-22 21:51:37] WARN: Notificações push serão desabilitadas - servidor continuará funcionando normalmente
[2025-08-22 21:51:37] INFO: Usando chaves VAPID fornecidas no ambiente
[2025-08-22 21:51:37] ERROR: Erro ao inicializar serviço de notificações push:
[2025-08-22 21:51:37] WARN: Notificações push serão desabilitadas - servidor continuará funcionando normalmente
[2025-08-22 21:51:37] INFO: ✅ Serviços de fundo inicializados
[2025-08-22 21:51:37] INFO: 🚀 Servidor Librarium rodando na porta 3000
[2025-08-22 21:51:37] INFO: 🌍 Ambiente: development
[2025-08-22 21:51:37] INFO: 🔗 URL: http://localhost:3000
[2025-08-22 21:51:37] INFO: 📚 API: http://localhost:3000/api
[2025-08-22 21:51:37] INFO: 🏥 Health: http://localhost:3000/api/saude
[2025-08-22 21:51:47] INFO: Usando chaves VAPID fornecidas no ambiente
[2025-08-22 21:51:47] ERROR: Erro ao inicializar serviço de notificações push:
[2025-08-22 21:51:47] WARN: Notificações push serão desabilitadas - servidor continuará funcionando normalmente
[2025-08-22 21:51:48] INFO: Usando chaves VAPID fornecidas no ambiente
[2025-08-22 21:51:48] ERROR: Erro ao inicializar serviço de notificações push:
[2025-08-22 21:51:48] WARN: Notificações push serão desabilitadas - servidor continuará funcionando normalmente
[2025-08-22 21:51:48] INFO: ✅ Serviços de fundo inicializados
[2025-08-22 21:51:48] INFO: 🚀 Servidor Librarium rodando na porta 3000
[2025-08-22 21:51:48] INFO: 🌍 Ambiente: development
[2025-08-22 21:51:48] INFO: 🔗 URL: http://localhost:3000
[2025-08-22 21:51:48] INFO: 📚 API: http://localhost:3000/api
[2025-08-22 21:51:48] INFO: 🏥 Health: http://localhost:3000/api/saude
[2025-08-22 21:52:02] INFO: Usando chaves VAPID fornecidas no ambiente
[2025-08-22 21:52:02] ERROR: Erro ao inicializar serviço de notificações push:
[2025-08-22 21:52:02] WARN: Notificações push serão desabilitadas - servidor continuará funcionando normalmente
[2025-08-22 21:52:03] INFO: Usando chaves VAPID fornecidas no ambiente
[2025-08-22 21:52:03] ERROR: Erro ao inicializar serviço de notificações push:
[2025-08-22 21:52:03] WARN: Notificações push serão desabilitadas - servidor continuará funcionando normalmente
[2025-08-22 21:52:03] INFO: ✅ Serviços de fundo inicializados
[2025-08-22 21:52:03] INFO: 🚀 Servidor Librarium rodando na porta 3000
[2025-08-22 21:52:03] INFO: 🌍 Ambiente: development
[2025-08-22 21:52:03] INFO: 🔗 URL: http://localhost:3000
[2025-08-22 21:52:03] INFO: 📚 API: http://localhost:3000/api
[2025-08-22 21:52:03] INFO: 🏥 Health: http://localhost:3000/api/saude
[2025-08-22 21:52:13] INFO: Usando chaves VAPID fornecidas no ambiente
[2025-08-22 21:52:13] ERROR: Erro ao inicializar serviço de notificações push:
[2025-08-22 21:52:13] WARN: Notificações push serão desabilitadas - servidor continuará funcionando normalmente
[2025-08-22 21:52:14] INFO: Usando chaves VAPID fornecidas no ambiente
[2025-08-22 21:52:14] ERROR: Erro ao inicializar serviço de notificações push:
[2025-08-22 21:52:14] WARN: Notificações push serão desabilitadas - servidor continuará funcionando normalmente
[2025-08-22 21:52:14] WARN: ⚠️ Serviço de notificações push desabilitado - servidor funcionará sem push
[2025-08-22 21:52:14] INFO: ✅ Serviços de fundo inicializados
[2025-08-22 21:52:14] INFO: 🚀 Servidor Librarium rodando na porta 3000
[2025-08-22 21:52:14] INFO: 🌍 Ambiente: development
[2025-08-22 21:52:14] INFO: 🔗 URL: http://localhost:3000
[2025-08-22 21:52:14] INFO: 📚 API: http://localhost:3000/api
[2025-08-22 21:52:14] INFO: 🏥 Health: http://localhost:3000/api/saude
[2025-08-22 21:52:17] INFO: Usando chaves VAPID fornecidas no ambiente
[2025-08-22 21:52:17] ERROR: Erro ao inicializar serviço de notificações push:
[2025-08-22 21:52:17] WARN: Notificações push serão desabilitadas - servidor continuará funcionando normalmente
[2025-08-22 21:52:17] INFO: Usando chaves VAPID fornecidas no ambiente
[2025-08-22 21:52:17] ERROR: Erro ao inicializar serviço de notificações push:
[2025-08-22 21:52:17] WARN: Notificações push serão desabilitadas - servidor continuará funcionando normalmente
[2025-08-22 21:52:17] WARN: ⚠️ Serviço de notificações push desabilitado - servidor funcionará sem push
[2025-08-22 21:52:17] INFO: ✅ Serviços de fundo inicializados
[2025-08-22 21:52:17] INFO: 🚀 Servidor Librarium rodando na porta 3000
[2025-08-22 21:52:17] INFO: 🌍 Ambiente: development
[2025-08-22 21:52:17] INFO: 🔗 URL: http://localhost:3000
[2025-08-22 21:52:17] INFO: 📚 API: http://localhost:3000/api
[2025-08-22 21:52:17] INFO: 🏥 Health: http://localhost:3000/api/saude
[2025-08-22 21:52:22] INFO: Usando chaves VAPID fornecidas no ambiente
[2025-08-22 21:52:22] ERROR: Erro ao inicializar serviço de notificações push:
[2025-08-22 21:52:22] WARN: Notificações push serão desabilitadas - servidor continuará funcionando normalmente
[2025-08-22 21:52:22] INFO: Usando chaves VAPID fornecidas no ambiente
[2025-08-22 21:52:22] ERROR: Erro ao inicializar serviço de notificações push:
[2025-08-22 21:52:22] WARN: Notificações push serão desabilitadas - servidor continuará funcionando normalmente
[2025-08-22 21:52:22] WARN: ⚠️ Serviço de notificações push desabilitado - servidor funcionará sem push
[2025-08-22 21:52:22] INFO: ✅ Serviços de fundo inicializados
[2025-08-22 21:52:22] INFO: 🚀 Servidor Librarium rodando na porta 3000
[2025-08-22 21:52:22] INFO: 🌍 Ambiente: development
[2025-08-22 21:52:22] INFO: 🔗 URL: http://localhost:3000
[2025-08-22 21:52:22] INFO: 📚 API: http://localhost:3000/api
[2025-08-22 21:52:22] INFO: 🏥 Health: http://localhost:3000/api/saude
[2025-08-22 21:52:29] INFO: Usando chaves VAPID fornecidas no ambiente
[2025-08-22 21:52:29] ERROR: Erro ao inicializar serviço de notificações push:
[2025-08-22 21:52:29] WARN: Notificações push serão desabilitadas - servidor continuará funcionando normalmente
[2025-08-22 21:52:30] INFO: Usando chaves VAPID fornecidas no ambiente
[2025-08-22 21:52:30] ERROR: Erro ao inicializar serviço de notificações push:
[2025-08-22 21:52:30] WARN: Notificações push serão desabilitadas - servidor continuará funcionando normalmente
[2025-08-22 21:52:30] WARN: ⚠️ Serviço de notificações push desabilitado - servidor funcionará sem push
[2025-08-22 21:52:30] INFO: ✅ Serviços de fundo inicializados
[2025-08-22 21:52:30] INFO: 🚀 Servidor Librarium rodando na porta 3000
[2025-08-22 21:52:30] INFO: 🌍 Ambiente: development
[2025-08-22 21:52:30] INFO: 🔗 URL: http://localhost:3000
[2025-08-22 21:52:30] INFO: 📚 API: http://localhost:3000/api
[2025-08-22 21:52:30] INFO: 🏥 Health: http://localhost:3000/api/saude
[2025-08-22 21:52:33] INFO: Usando chaves VAPID fornecidas no ambiente
[2025-08-22 21:52:33] ERROR: Erro ao inicializar serviço de notificações push:
[2025-08-22 21:52:33] WARN: Notificações push serão desabilitadas - servidor continuará funcionando normalmente
[2025-08-22 21:52:34] INFO: Usando chaves VAPID fornecidas no ambiente
[2025-08-22 21:52:34] ERROR: Erro ao inicializar serviço de notificações push:
[2025-08-22 21:52:34] WARN: Notificações push serão desabilitadas - servidor continuará funcionando normalmente
[2025-08-22 21:52:34] WARN: ⚠️ Serviço de notificações push desabilitado - servidor funcionará sem push
[2025-08-22 21:52:34] INFO: ✅ Serviços de fundo inicializados
[2025-08-22 21:52:38] INFO: Usando chaves VAPID fornecidas no ambiente
[2025-08-22 21:52:38] ERROR: Erro ao inicializar serviço de notificações push:
[2025-08-22 21:52:38] WARN: Notificações push serão desabilitadas - servidor continuará funcionando normalmente
[2025-08-22 21:52:39] INFO: Usando chaves VAPID fornecidas no ambiente
[2025-08-22 21:52:39] ERROR: Erro ao inicializar serviço de notificações push:
[2025-08-22 21:52:39] WARN: Notificações push serão desabilitadas - servidor continuará funcionando normalmente
[2025-08-22 21:52:39] WARN: ⚠️ Serviço de notificações push desabilitado - servidor funcionará sem push
[2025-08-22 21:52:39] INFO: ✅ Serviços de fundo inicializados
[2025-08-22 21:52:39] INFO: 🚀 Servidor Librarium rodando na porta 3000
[2025-08-22 21:52:39] INFO: 🌍 Ambiente: development
[2025-08-22 21:52:39] INFO: 🔗 URL: http://localhost:3000
[2025-08-22 21:52:39] INFO: 📚 API: http://localhost:3000/api
[2025-08-22 21:52:39] INFO: 🏥 Health: http://localhost:3000/api/saude
[2025-08-22 21:52:53] INFO: Usando chaves VAPID fornecidas no ambiente
[2025-08-22 21:52:53] ERROR: Erro ao inicializar serviço de notificações push:
[2025-08-22 21:52:53] WARN: Notificações push serão desabilitadas - servidor continuará funcionando normalmente
[2025-08-22 21:52:53] INFO: Usando chaves VAPID fornecidas no ambiente
[2025-08-22 21:52:53] ERROR: Erro ao inicializar serviço de notificações push:
[2025-08-22 21:52:53] WARN: Notificações push serão desabilitadas - servidor continuará funcionando normalmente
[2025-08-22 21:52:53] WARN: ⚠️ Serviço de notificações push desabilitado - servidor funcionará sem push
[2025-08-22 21:52:53] INFO: ✅ Serviços de fundo inicializados
[2025-08-22 21:52:53] INFO: 🚀 Servidor Librarium rodando na porta 3000
[2025-08-22 21:52:53] INFO: 🌍 Ambiente: development
[2025-08-22 21:52:53] INFO: 🔗 URL: http://localhost:3000
[2025-08-22 21:52:53] INFO: 📚 API: http://localhost:3000/api
[2025-08-22 21:52:53] INFO: 🏥 Health: http://localhost:3000/api/saude
[2025-08-22 21:52:58] INFO: Usando chaves VAPID fornecidas no ambiente
[2025-08-22 21:52:58] ERROR: Erro ao inicializar serviço de notificações push:
[2025-08-22 21:52:58] WARN: Notificações push serão desabilitadas - servidor continuará funcionando normalmente
[2025-08-22 21:52:58] INFO: Usando chaves VAPID fornecidas no ambiente
[2025-08-22 21:52:58] ERROR: Erro ao inicializar serviço de notificações push:
[2025-08-22 21:52:58] WARN: Notificações push serão desabilitadas - servidor continuará funcionando normalmente
[2025-08-22 21:52:58] WARN: ⚠️ Serviço de notificações push desabilitado - servidor funcionará sem push
[2025-08-22 21:52:58] INFO: ✅ Serviços de fundo inicializados
[2025-08-22 21:52:58] INFO: 🚀 Servidor Librarium rodando na porta 3000
[2025-08-22 21:52:58] INFO: 🌍 Ambiente: development
[2025-08-22 21:52:58] INFO: 🔗 URL: http://localhost:3000
[2025-08-22 21:52:58] INFO: 📚 API: http://localhost:3000/api
[2025-08-22 21:52:58] INFO: 🏥 Health: http://localhost:3000/api/saude
[2025-08-22 21:53:11] INFO: Usando chaves VAPID fornecidas no ambiente
[2025-08-22 21:53:11] ERROR: Erro ao inicializar serviço de notificações push:
[2025-08-22 21:53:11] WARN: Notificações push serão desabilitadas - servidor continuará funcionando normalmente
[2025-08-22 21:53:11] INFO: Usando chaves VAPID fornecidas no ambiente
[2025-08-22 21:53:11] ERROR: Erro ao inicializar serviço de notificações push:
[2025-08-22 21:53:11] WARN: Notificações push serão desabilitadas - servidor continuará funcionando normalmente
[2025-08-22 21:53:11] WARN: ⚠️ Serviço de notificações push desabilitado - servidor funcionará sem push
[2025-08-22 21:53:11] INFO: ✅ Serviços de fundo inicializados
[2025-08-22 21:53:11] INFO: 🚀 Servidor Librarium rodando na porta 3000
[2025-08-22 21:53:11] INFO: 🌍 Ambiente: development
[2025-08-22 21:53:11] INFO: 🔗 URL: http://localhost:3000
[2025-08-22 21:53:11] INFO: 📚 API: http://localhost:3000/api
[2025-08-22 21:53:11] INFO: 🏥 Health: http://localhost:3000/api/saude
[2025-08-22 21:53:16] INFO: Usando chaves VAPID fornecidas no ambiente
[2025-08-22 21:53:16] ERROR: Erro ao inicializar serviço de notificações push:
[2025-08-22 21:53:16] WARN: Notificações push serão desabilitadas - servidor continuará funcionando normalmente
[2025-08-22 21:53:17] INFO: Usando chaves VAPID fornecidas no ambiente
[2025-08-22 21:53:17] ERROR: Erro ao inicializar serviço de notificações push:
[2025-08-22 21:53:17] WARN: Notificações push serão desabilitadas - servidor continuará funcionando normalmente
[2025-08-22 21:53:17] WARN: ⚠️ Serviço de notificações push desabilitado - servidor funcionará sem push
[2025-08-22 21:53:17] INFO: ✅ Serviços de fundo inicializados
[2025-08-22 21:53:17] INFO: 🚀 Servidor Librarium rodando na porta 3000
[2025-08-22 21:53:17] INFO: 🌍 Ambiente: development
[2025-08-22 21:53:17] INFO: 🔗 URL: http://localhost:3000
[2025-08-22 21:53:17] INFO: 📚 API: http://localhost:3000/api
[2025-08-22 21:53:17] INFO: 🏥 Health: http://localhost:3000/api/saude
[2025-08-22 21:53:21] INFO: Usando chaves VAPID fornecidas no ambiente
[2025-08-22 21:53:21] ERROR: Erro ao inicializar serviço de notificações push:
[2025-08-22 21:53:21] WARN: Notificações push serão desabilitadas - servidor continuará funcionando normalmente
[2025-08-22 21:53:21] INFO: Usando chaves VAPID fornecidas no ambiente
[2025-08-22 21:53:21] ERROR: Erro ao inicializar serviço de notificações push:
[2025-08-22 21:53:21] WARN: Notificações push serão desabilitadas - servidor continuará funcionando normalmente
[2025-08-22 21:53:21] WARN: ⚠️ Serviço de notificações push desabilitado - servidor funcionará sem push
[2025-08-22 21:53:21] INFO: ✅ Serviços de fundo inicializados
[2025-08-22 21:53:22] INFO: 🚀 Servidor Librarium rodando na porta 3000
[2025-08-22 21:53:22] INFO: 🌍 Ambiente: development
[2025-08-22 21:53:22] INFO: 🔗 URL: http://localhost:3000
[2025-08-22 21:53:22] INFO: 📚 API: http://localhost:3000/api
[2025-08-22 21:53:22] INFO: 🏥 Health: http://localhost:3000/api/saude
[2025-08-22 22:00:40] INFO: Usando chaves VAPID fornecidas no ambiente
[2025-08-22 22:00:40] ERROR: Erro ao inicializar serviço de notificações push:
[2025-08-22 22:00:40] WARN: Notificações push serão desabilitadas - servidor continuará funcionando normalmente
[2025-08-22 22:00:41] INFO: Usando chaves VAPID fornecidas no ambiente
[2025-08-22 22:00:41] ERROR: Erro ao inicializar serviço de notificações push:
[2025-08-22 22:00:41] WARN: Notificações push serão desabilitadas - servidor continuará funcionando normalmente
[2025-08-22 22:00:41] WARN: ⚠️ Serviço de notificações push desabilitado - servidor funcionará sem push
[2025-08-22 22:00:41] INFO: ✅ Serviços de fundo inicializados
[2025-08-22 22:00:41] INFO: 🚀 Servidor Librarium rodando na porta 3000
[2025-08-22 22:00:41] INFO: 🌍 Ambiente: development
[2025-08-22 22:00:41] INFO: 🔗 URL: http://localhost:3000
[2025-08-22 22:00:41] INFO: 📚 API: http://localhost:3000/api
[2025-08-22 22:00:41] INFO: 🏥 Health: http://localhost:3000/api/saude
[2025-08-22 22:00:51] INFO: 🔄 Recebido SIGINT, iniciando shutdown graceful...
[2025-08-22 22:00:51] INFO: ✅ Shutdown graceful concluído
[2025-08-22 22:01:00] INFO: Usando chaves VAPID fornecidas no ambiente
[2025-08-22 22:01:00] ERROR: Erro ao inicializar serviço de notificações push:
[2025-08-22 22:01:00] WARN: Notificações push serão desabilitadas - servidor continuará funcionando normalmente
[2025-08-22 22:01:00] INFO: Usando chaves VAPID fornecidas no ambiente
[2025-08-22 22:01:00] ERROR: Erro ao inicializar serviço de notificações push:
[2025-08-22 22:01:00] WARN: Notificações push serão desabilitadas - servidor continuará funcionando normalmente
[2025-08-22 22:01:00] WARN: ⚠️ Serviço de notificações push desabilitado - servidor funcionará sem push
[2025-08-22 22:01:00] INFO: ✅ Serviços de fundo inicializados
[2025-08-22 22:01:00] INFO: 🚀 Servidor Librarium rodando na porta 3000
[2025-08-22 22:01:00] INFO: 🌍 Ambiente: development
[2025-08-22 22:01:00] INFO: 🔗 URL: http://localhost:3000
[2025-08-22 22:01:00] INFO: 📚 API: http://localhost:3000/api
[2025-08-22 22:01:00] INFO: 🏥 Health: http://localhost:3000/api/saude
[2025-08-22 22:29:25] ERROR: ❌ Erro ao inicializar serviços: PushNotificationService is not defined {
  "stack": "ReferenceError: PushNotificationService is not defined\n    at inicializarServicos (D:\\Desktop\\librarium\\backend\\server.js:146:5)\n    at iniciarServidor (D:\\Desktop\\librarium\\backend\\server.js:235:11)\n    at process.processTicksAndRejections (node:internal/process/task_queues:105:5)"
}
[2025-08-22 22:29:25] INFO: 🚀 Servidor Librarium rodando na porta 3000
[2025-08-22 22:29:25] INFO: 🌍 Ambiente: development
[2025-08-22 22:29:25] INFO: 🔗 URL: http://localhost:3000
[2025-08-22 22:29:25] INFO: 📚 API: http://localhost:3000/api
[2025-08-22 22:29:25] INFO: 🏥 Health: http://localhost:3000/api/saude
[2025-08-22 22:31:24] ERROR: ❌ Erro ao inicializar serviços: PushNotificationService is not defined {
  "stack": "ReferenceError: PushNotificationService is not defined\n    at inicializarServicos (D:\\Desktop\\librarium\\backend\\server.js:146:5)\n    at iniciarServidor (D:\\Desktop\\librarium\\backend\\server.js:235:11)\n    at process.processTicksAndRejections (node:internal/process/task_queues:105:5)"
}
[2025-08-22 22:31:24] INFO: 🚀 Servidor Librarium rodando na porta 3000
[2025-08-22 22:31:24] INFO: 🌍 Ambiente: development
[2025-08-22 22:31:24] INFO: 🔗 URL: http://localhost:3000
[2025-08-22 22:31:24] INFO: 📚 API: http://localhost:3000/api
[2025-08-22 22:31:24] INFO: 🏥 Health: http://localhost:3000/api/saude
[2025-08-22 22:31:30] ERROR: ❌ Erro ao inicializar serviços: PushNotificationService is not defined {
  "stack": "ReferenceError: PushNotificationService is not defined\n    at inicializarServicos (D:\\Desktop\\librarium\\backend\\server.js:146:5)\n    at iniciarServidor (D:\\Desktop\\librarium\\backend\\server.js:235:11)\n    at process.processTicksAndRejections (node:internal/process/task_queues:105:5)"
}
[2025-08-22 22:31:30] INFO: 🚀 Servidor Librarium rodando na porta 3000
[2025-08-22 22:31:30] INFO: 🌍 Ambiente: development
[2025-08-22 22:31:30] INFO: 🔗 URL: http://localhost:3000
[2025-08-22 22:31:30] INFO: 📚 API: http://localhost:3000/api
[2025-08-22 22:31:30] INFO: 🏥 Health: http://localhost:3000/api/saude
[2025-08-22 22:31:51] INFO: ✅ Serviços inicializados com sucesso
[2025-08-22 22:32:01] INFO: ✅ Serviços inicializados com sucesso
[2025-08-22 22:32:22] INFO: ✅ Serviços inicializados com sucesso
[2025-08-22 22:32:28] INFO: ✅ Serviços inicializados com sucesso
[2025-08-22 22:32:34] INFO: ✅ Serviços inicializados com sucesso
[2025-08-22 22:32:40] INFO: ✅ Serviços inicializados com sucesso
[2025-08-22 22:32:45] INFO: ✅ Serviços inicializados com sucesso
[2025-08-22 22:32:50] INFO: ✅ Serviços inicializados com sucesso
[2025-08-22 22:32:58] INFO: ✅ Serviços inicializados com sucesso
[2025-08-22 22:33:03] INFO: ✅ Serviços inicializados com sucesso
[2025-08-22 22:33:07] INFO: ✅ Serviços inicializados com sucesso
[2025-08-22 22:33:12] INFO: ✅ Serviços inicializados com sucesso
[2025-08-22 22:33:17] INFO: ✅ Serviços inicializados com sucesso
[2025-08-22 22:34:55] INFO: ✅ Serviços inicializados com sucesso
[2025-08-22 22:35:41] INFO: ✅ Serviços inicializados com sucesso
[2025-08-22 22:35:51] INFO: ✅ Serviços inicializados com sucesso
[2025-08-22 22:35:58] INFO: ✅ Serviços inicializados com sucesso
[2025-08-22 22:36:52] INFO: ✅ Serviços inicializados com sucesso
[2025-08-22 22:37:21] INFO: ✅ Serviços inicializados com sucesso
[2025-08-22 22:37:53] INFO: ✅ Serviços inicializados com sucesso
[2025-08-22 22:38:03] INFO: ✅ Serviços inicializados com sucesso
[2025-08-22 22:38:14] INFO: ✅ Serviços inicializados com sucesso
[2025-08-22 22:38:33] INFO: ✅ Serviços inicializados com sucesso
[2025-08-22 22:39:16] INFO: ✅ Serviços inicializados com sucesso
[2025-08-22 22:39:40] INFO: ✅ Serviços inicializados com sucesso
[2025-08-22 22:39:44] INFO: ✅ Serviços inicializados com sucesso
[2025-08-22 22:41:14] INFO: ✅ Serviços inicializados com sucesso
[2025-08-22 22:41:14] INFO: ✅ Serviços inicializados com sucesso
[2025-08-22 22:41:17] INFO: ✅ Serviços inicializados com sucesso
[2025-08-22 22:42:14] INFO: ✅ Serviços inicializados com sucesso
[2025-08-22 22:42:28] INFO: ✅ Serviços inicializados com sucesso
[2025-08-22 22:42:35] INFO: ✅ Serviços inicializados com sucesso
[2025-08-22 22:42:42] INFO: ✅ Serviços inicializados com sucesso
[2025-08-22 22:44:27] INFO: ✅ Serviços inicializados com sucesso
[2025-08-22 22:44:42] INFO: ✅ Serviços inicializados com sucesso
[2025-08-22 22:45:38] INFO: ✅ Serviços inicializados com sucesso
[2025-08-22 22:46:17] INFO: ✅ Serviços inicializados com sucesso
[2025-08-22 22:46:45] INFO: ✅ Serviços inicializados com sucesso
[2025-08-22 22:47:16] INFO: ✅ Serviços inicializados com sucesso
[2025-08-22 22:47:25] INFO: ✅ Serviços inicializados com sucesso
[2025-08-22 22:47:27] INFO: ✅ Serviços inicializados com sucesso
[2025-08-22 22:48:14] INFO: ✅ Serviços inicializados com sucesso
[2025-08-23 21:14:09] INFO: ✅ Serviços inicializados com sucesso
[2025-08-23 21:42:40] INFO: ✅ Serviços inicializados com sucesso
[2025-08-23 21:47:01] INFO: ✅ Serviços inicializados com sucesso
[2025-08-23 21:50:40] INFO: ✅ Serviços inicializados com sucesso
[2025-08-23 22:16:48] INFO: ✅ Serviços inicializados com sucesso
[2025-08-23 22:38:17] INFO: ✅ Serviços inicializados com sucesso
[2025-08-23 22:38:33] INFO: ✅ Serviços inicializados com sucesso
[2025-08-23 22:38:36] INFO: ✅ Serviços inicializados com sucesso
[2025-08-23 22:38:45] INFO: ✅ Serviços inicializados com sucesso
[2025-08-23 22:38:48] INFO: ✅ Serviços inicializados com sucesso
[2025-08-23 22:38:56] INFO: ✅ Serviços inicializados com sucesso
[2025-08-23 22:39:02] INFO: ✅ Serviços inicializados com sucesso
[2025-08-23 22:39:10] INFO: ✅ Serviços inicializados com sucesso
[2025-08-23 22:39:16] INFO: ✅ Serviços inicializados com sucesso
[2025-08-27 12:43:22] INFO: ✅ Serviços inicializados com sucesso
[2025-08-27 12:43:30] INFO: ✅ Serviços inicializados com sucesso
[2025-08-27 12:43:59] INFO: ✅ Serviços inicializados com sucesso
[2025-08-27 12:44:39] INFO: ✅ Serviços inicializados com sucesso
[2025-08-27 12:44:52] INFO: ✅ Serviços inicializados com sucesso
[2025-08-27 12:44:54] INFO: ✅ Serviços inicializados com sucesso
[2025-08-27 12:45:01] INFO: ✅ Serviços inicializados com sucesso
[2025-08-27 12:47:46] INFO: ✅ Serviços inicializados com sucesso
[2025-08-27 12:48:00] INFO: ✅ Serviços inicializados com sucesso
[2025-08-27 12:48:11] INFO: ✅ Serviços inicializados com sucesso
[2025-08-27 12:48:33] INFO: ✅ Serviços inicializados com sucesso
[2025-08-27 12:48:58] INFO: ✅ Serviços inicializados com sucesso
[2025-08-27 12:49:00] INFO: ✅ Serviços inicializados com sucesso
[2025-08-27 12:49:19] INFO: ✅ Serviços inicializados com sucesso
[2025-08-27 12:49:41] INFO: ✅ Serviços inicializados com sucesso
[2025-08-27 12:50:03] INFO: ✅ Serviços inicializados com sucesso
[2025-08-27 12:50:08] INFO: ✅ Serviços inicializados com sucesso
[2025-08-27 12:50:12] INFO: ✅ Serviços inicializados com sucesso
[2025-08-27 12:50:20] INFO: ✅ Serviços inicializados com sucesso
[2025-08-27 12:50:25] INFO: ✅ Serviços inicializados com sucesso
[2025-08-27 12:50:35] INFO: ✅ Serviços inicializados com sucesso
[2025-08-27 12:50:42] INFO: ✅ Serviços inicializados com sucesso
[2025-08-27 12:50:59] INFO: ✅ Serviços inicializados com sucesso
[2025-08-27 12:51:12] INFO: ✅ Serviços inicializados com sucesso
[2025-08-27 12:51:20] INFO: ✅ Serviços inicializados com sucesso
[2025-08-27 12:51:27] INFO: ✅ Serviços inicializados com sucesso
[2025-08-27 12:51:33] INFO: ✅ Serviços inicializados com sucesso
